<?xml version="1.0" encoding="UTF-8"?>
<testsuite name="RPGTest" tests="9" skipped="0" failures="0" errors="0" timestamp="2022-04-07T09:33:03" hostname="DESKTOP-N0F7J9V" time="0.238">
  <properties/>
  <testcase name="(unit test) warPassLvlTest:" classname="RPGTest" time="0.119"/>
  <testcase name="(scenario) lvlUpStatTestBoth:" classname="RPGTest" time="0.041"/>
  <testcase name="(unit test) magePassLvlTest:" classname="RPGTest" time="0.002"/>
  <testcase name="(scenario) lvlUpStatTestWarOnly:" classname="RPGTest" time="0.009"/>
  <testcase name="(unit test) notPassLvlTest:" classname="RPGTest" time="0.001"/>
  <testcase name="(unit test) MageRobes magical and electrical prot:" classname="RPGTest" time="0.031"/>
  <testcase name="(scenario) lvlUpStatTestMageOnly:" classname="RPGTest" time="0.005"/>
  <testcase name="(scenario) lvlUp xp test:" classname="RPGTest" time="0.005"/>
  <testcase name="(unit test) mageIntellectLvl" classname="RPGTest" time="0.005"/>
  <system-out><![CDATA[BeforeAll test
CharProfile [intellect=1, lvl=2, stamina=5, strength=2, xp=0]
AfterEach test
CharProfile [intellect=1, lvl=2, stamina=5, strength=2, xp=0]
CharProfile [intellect=1, lvl=3, stamina=6, strength=4, xp=0]
CharProfile [intellect=1, lvl=4, stamina=10, strength=7, xp=0]
AfterEach test
AfterEach test
CharProfile [intellect=1, lvl=2, stamina=5, strength=2, xp=0]
CharProfile [intellect=1, lvl=3, stamina=6, strength=4, xp=0]
CharProfile [intellect=1, lvl=4, stamina=10, strength=7, xp=0]
AfterEach test
AfterEach test
AfterEach test
AfterEach test
CharProfile [intellect=1, lvl=2, stamina=5, strength=2, xp=0]
AfterEach test
AfterEach test
AfterAll test
]]></system-out>
  <system-err><![CDATA[]]></system-err>
</testsuite>
